D:\WORK\WEBCAMCAPTURE\WEBCAMCAPTURE\RELEASE\MAIN.OBJ
D:\WORK\WEBCAMCAPTURE\WEBCAMCAPTURE\RELEASE\WINDEVICES.OBJ
D:\WORK\WEBCAMCAPTURE\WEBCAMCAPTURE\RELEASE\WEBCAMCAPTURE.OBJ
D:\WORK\WEBCAMCAPTURE\WEBCAMCAPTURE\RELEASE\STRINGAORW.OBJ
D:\WORK\WEBCAMCAPTURE\WEBCAMCAPTURE\RELEASE\PARAMS.OBJ
D:\WORK\WEBCAMCAPTURE\WEBCAMCAPTURE\RELEASE\VC110.PDB
D:\WORK\WEBCAMCAPTURE\RELEASE\WEBCAMCAPTURE.EXE
D:\WORK\WEBCAMCAPTURE\RELEASE\WEBCAMCAPTURE.PDB
D:\WORK\WebcamCapture\WebcamCapture\Release\main.obj
D:\WORK\WebcamCapture\WebcamCapture\Release\Params.obj
D:\WORK\WebcamCapture\WebcamCapture\Release\StringAorW.obj
D:\WORK\WebcamCapture\WebcamCapture\Release\WebcamCapture.obj
D:\WORK\WebcamCapture\WebcamCapture\Release\WinDevices.obj
D:\WORK\WebcamCapture\WebcamCapture\Release\cl.command.1.tlog
D:\WORK\WebcamCapture\WebcamCapture\Release\CL.read.1.tlog
D:\WORK\WebcamCapture\WebcamCapture\Release\CL.write.1.tlog
D:\WORK\WebcamCapture\WebcamCapture\Release\link-cvtres.read.1.tlog
D:\WORK\WebcamCapture\WebcamCapture\Release\link-cvtres.write.1.tlog
D:\WORK\WebcamCapture\WebcamCapture\Release\link-rc.read.1.tlog
D:\WORK\WebcamCapture\WebcamCapture\Release\link-rc.write.1.tlog
D:\WORK\WebcamCapture\WebcamCapture\Release\link.command.1.tlog
D:\WORK\WebcamCapture\WebcamCapture\Release\link.read.1.tlog
D:\WORK\WebcamCapture\WebcamCapture\Release\link.write.1.tlog
D:\WORK\WebcamCapture\WebcamCapture\Release\vc110.pdb
D:\WORK\WebcamCapture\Release\WebcamCapture.pdb
D:\WORK\WebcamCapture\Release\WebcamCapture.exe
