D:\WORK\WEBCAMCAPTURE\WEBCAMCAPTURE\DEBUG\MAIN.OBJ
D:\WORK\WEBCAMCAPTURE\WEBCAMCAPTURE\DEBUG\PARAMS.OBJ
D:\WORK\WEBCAMCAPTURE\WEBCAMCAPTURE\DEBUG\STRINGAORW.OBJ
D:\WORK\WEBCAMCAPTURE\WEBCAMCAPTURE\DEBUG\WEBCAMCAPTURE.OBJ
D:\WORK\WEBCAMCAPTURE\WEBCAMCAPTURE\DEBUG\WINDEVICES.OBJ
D:\WORK\WEBCAMCAPTURE\WEBCAMCAPTURE\DEBUG\VC110.PDB
D:\WORK\WEBCAMCAPTURE\DEBUG\WEBCAMCAPTURE.ILK
D:\WORK\WEBCAMCAPTURE\DEBUG\WEBCAMCAPTURE.EXE
D:\WORK\WEBCAMCAPTURE\DEBUG\WEBCAMCAPTURE.PDB
D:\WORK\WebcamCapture\WebcamCapture\Debug\main.obj
D:\WORK\WebcamCapture\WebcamCapture\Debug\Params.obj
D:\WORK\WebcamCapture\WebcamCapture\Debug\StringAorW.obj
D:\WORK\WebcamCapture\WebcamCapture\Debug\WebcamCapture.obj
D:\WORK\WebcamCapture\WebcamCapture\Debug\WinDevices.obj
D:\WORK\WebcamCapture\WebcamCapture\Debug\cl.command.1.tlog
D:\WORK\WebcamCapture\WebcamCapture\Debug\CL.read.1.tlog
D:\WORK\WebcamCapture\WebcamCapture\Debug\CL.write.1.tlog
D:\WORK\WebcamCapture\WebcamCapture\Debug\link-cvtres.read.1.tlog
D:\WORK\WebcamCapture\WebcamCapture\Debug\link-cvtres.write.1.tlog
D:\WORK\WebcamCapture\WebcamCapture\Debug\link-rc.read.1.tlog
D:\WORK\WebcamCapture\WebcamCapture\Debug\link-rc.write.1.tlog
D:\WORK\WebcamCapture\WebcamCapture\Debug\link.command.1.tlog
D:\WORK\WebcamCapture\WebcamCapture\Debug\link.read.1.tlog
D:\WORK\WebcamCapture\WebcamCapture\Debug\link.write.1.tlog
D:\WORK\WebcamCapture\WebcamCapture\Debug\vc110.idb
D:\WORK\WebcamCapture\WebcamCapture\Debug\vc110.pdb
D:\WORK\WebcamCapture\Debug\WebcamCapture.pdb
D:\WORK\WebcamCapture\Debug\WebcamCapture.exe
D:\WORK\WebcamCapture\Debug\WebcamCapture.ilk
